<?xml version="1.0" encoding="UTF-8"?>
<beans xmlns="http://www.springframework.org/schema/beans"
	   xmlns:xsi="http://www.w3.org/2001/XMLSchema-instance"
	   xmlns:context="http://www.springframework.org/schema/context"
	   xsi:schemaLocation="http://www.springframework.org/schema/beans https://www.springframework.org/schema/beans/spring-beans.xsd http://www.springframework.org/schema/context http://www.springframework.org/schema/context/spring-context.xsd">
	
	<!-- Root Context: defines shared resources visible to all other web components -->
	<bean id="dataSource" class="org.springframework.jdbc.datasource.DriverManagerDataSource">
		<property name="driverClassName" value="org.postgresql.Driver"></property>
		<property name="url" value="jdbc:postgresql://localhost:5432/postgres"></property>
		<property name="username" value="postgres"></property>
		<property name="password" value="1"></property>
	</bean>

	<context:component-scan base-package="com.fastcampus.ch3">
		<context:exclude-filter type="regex" expression="com.fastcampus.ch3.diCopy*.*"/>
		<context:exclude-filter type="regex" expression="com.fastcampus.ch3.servletAc*.*"/>
	</context:component-scan>

</beans>
